Determining if the pthread_create exist failed with the following output:
Change Dir: /home/johnson/Downloads/AI FINAL/ale_1/CMakeFiles/CMakeTmp

Run Build Command:"/usr/bin/make" "cmTryCompileExec2399487077/fast"
/usr/bin/make -f CMakeFiles/cmTryCompileExec2399487077.dir/build.make CMakeFiles/cmTryCompileExec2399487077.dir/build
make[1]: Entering directory '/home/johnson/Downloads/AI FINAL/ale_1/CMakeFiles/CMakeTmp'
/usr/bin/cmake -E cmake_progress_report "/home/johnson/Downloads/AI FINAL/ale_1/CMakeFiles/CMakeTmp/CMakeFiles" 1
Building C object CMakeFiles/cmTryCompileExec2399487077.dir/CheckSymbolExists.c.o
/usr/bin/cc    -o CMakeFiles/cmTryCompileExec2399487077.dir/CheckSymbolExists.c.o   -c "/home/johnson/Downloads/AI FINAL/ale_1/CMakeFiles/CMakeTmp/CheckSymbolExists.c"
Linking C executable cmTryCompileExec2399487077
/usr/bin/cmake -E cmake_link_script CMakeFiles/cmTryCompileExec2399487077.dir/link.txt --verbose=1
/usr/bin/cc       CMakeFiles/cmTryCompileExec2399487077.dir/CheckSymbolExists.c.o  -o cmTryCompileExec2399487077 -rdynamic 
CMakeFiles/cmTryCompileExec2399487077.dir/CheckSymbolExists.c.o: In function `main':
CheckSymbolExists.c:(.text+0x16): undefined reference to `pthread_create'
collect2: error: ld returned 1 exit status
CMakeFiles/cmTryCompileExec2399487077.dir/build.make:88: recipe for target 'cmTryCompileExec2399487077' failed
make[1]: *** [cmTryCompileExec2399487077] Error 1
make[1]: Leaving directory '/home/johnson/Downloads/AI FINAL/ale_1/CMakeFiles/CMakeTmp'
Makefile:118: recipe for target 'cmTryCompileExec2399487077/fast' failed
make: *** [cmTryCompileExec2399487077/fast] Error 2

File /home/johnson/Downloads/AI FINAL/ale_1/CMakeFiles/CMakeTmp/CheckSymbolExists.c:
/* */
#include <pthread.h>

int main(int argc, char** argv)
{
  (void)argv;
#ifndef pthread_create
  return ((int*)(&pthread_create))[argc];
#else
  (void)argc;
  return 0;
#endif
}

Determining if the function pthread_create exists in the pthreads failed with the following output:
Change Dir: /home/johnson/Downloads/AI FINAL/ale_1/CMakeFiles/CMakeTmp

Run Build Command:"/usr/bin/make" "cmTryCompileExec1844446064/fast"
/usr/bin/make -f CMakeFiles/cmTryCompileExec1844446064.dir/build.make CMakeFiles/cmTryCompileExec1844446064.dir/build
make[1]: Entering directory '/home/johnson/Downloads/AI FINAL/ale_1/CMakeFiles/CMakeTmp'
/usr/bin/cmake -E cmake_progress_report "/home/johnson/Downloads/AI FINAL/ale_1/CMakeFiles/CMakeTmp/CMakeFiles" 1
Building C object CMakeFiles/cmTryCompileExec1844446064.dir/CheckFunctionExists.c.o
/usr/bin/cc   -DCHECK_FUNCTION_EXISTS=pthread_create   -o CMakeFiles/cmTryCompileExec1844446064.dir/CheckFunctionExists.c.o   -c /usr/share/cmake-3.0/Modules/CheckFunctionExists.c
Linking C executable cmTryCompileExec1844446064
/usr/bin/cmake -E cmake_link_script CMakeFiles/cmTryCompileExec1844446064.dir/link.txt --verbose=1
/usr/bin/cc   -DCHECK_FUNCTION_EXISTS=pthread_create    CMakeFiles/cmTryCompileExec1844446064.dir/CheckFunctionExists.c.o  -o cmTryCompileExec1844446064 -rdynamic -lpthreads 
/usr/bin/ld: cannot find -lpthreads
collect2: error: ld returned 1 exit status
CMakeFiles/cmTryCompileExec1844446064.dir/build.make:88: recipe for target 'cmTryCompileExec1844446064' failed
make[1]: *** [cmTryCompileExec1844446064] Error 1
make[1]: Leaving directory '/home/johnson/Downloads/AI FINAL/ale_1/CMakeFiles/CMakeTmp'
Makefile:118: recipe for target 'cmTryCompileExec1844446064/fast' failed
make: *** [cmTryCompileExec1844446064/fast] Error 2


